<?xml version="1.0" encoding="UTF-8"?>
<!-- Generated by org.testng.reporters.JUnitReportReporter -->
<testsuite skipped="0" hostname="INadmins-MacBook-Air.local" name="NewUserRegistration" tests="1" failures="0" timestamp="09 Dec 2019 06:38:39 GMT" time="6.394" errors="0">
  <testcase name="verifyLogin" time="6.394" classname="NewUserRegistration"/>
</testsuite> <!-- NewUserRegistration -->
